[05-Mar-2017 14:37:38 UTC] PHP Warning:  include(Content/Dashboard/header.php): failed to open stream: No such file or directory in /home/ubuntu/workspace/Content/Dashboard/dashboard.php on line 2
[05-Mar-2017 14:37:38 UTC] PHP Stack trace:
[05-Mar-2017 14:37:38 UTC] PHP   1. {main}() /home/ubuntu/workspace/Content/Dashboard/dashboard.php:0
[05-Mar-2017 14:37:38 UTC] PHP Warning:  include(): Failed opening 'Content/Dashboard/header.php' for inclusion (include_path='.:/usr/share/php:/usr/share/pear') in /home/ubuntu/workspace/Content/Dashboard/dashboard.php on line 2
[05-Mar-2017 14:37:38 UTC] PHP Stack trace:
[05-Mar-2017 14:37:38 UTC] PHP   1. {main}() /home/ubuntu/workspace/Content/Dashboard/dashboard.php:0
[05-Mar-2017 14:37:38 UTC] PHP Warning:  include(Content/Scripts/raid_health.php): failed to open stream: No such file or directory in /home/ubuntu/workspace/Content/Dashboard/content.inc on line 3
[05-Mar-2017 14:37:38 UTC] PHP Stack trace:
[05-Mar-2017 14:37:38 UTC] PHP   1. {main}() /home/ubuntu/workspace/Content/Dashboard/dashboard.php:0
[05-Mar-2017 14:37:38 UTC] PHP   2. include() /home/ubuntu/workspace/Content/Dashboard/dashboard.php:9
[05-Mar-2017 14:37:38 UTC] PHP Warning:  include(): Failed opening 'Content/Scripts/raid_health.php' for inclusion (include_path='.:/usr/share/php:/usr/share/pear') in /home/ubuntu/workspace/Content/Dashboard/content.inc on line 3
[05-Mar-2017 14:37:38 UTC] PHP Stack trace:
[05-Mar-2017 14:37:38 UTC] PHP   1. {main}() /home/ubuntu/workspace/Content/Dashboard/dashboard.php:0
[05-Mar-2017 14:37:38 UTC] PHP   2. include() /home/ubuntu/workspace/Content/Dashboard/dashboard.php:9
[05-Mar-2017 14:37:38 UTC] PHP Warning:  mysqli_real_escape_string() expects parameter 1 to be mysqli, null given in /home/ubuntu/workspace/Content/Dashboard/content.inc on line 9
[05-Mar-2017 14:37:38 UTC] PHP Stack trace:
[05-Mar-2017 14:37:38 UTC] PHP   1. {main}() /home/ubuntu/workspace/Content/Dashboard/dashboard.php:0
[05-Mar-2017 14:37:38 UTC] PHP   2. include() /home/ubuntu/workspace/Content/Dashboard/dashboard.php:9
[05-Mar-2017 14:37:38 UTC] PHP   3. mysqli_real_escape_string(*uninitialized*, *uninitialized*) /home/ubuntu/workspace/Content/Dashboard/content.inc:9
[05-Mar-2017 14:37:38 UTC] PHP Fatal error:  Call to a member function query() on a non-object in /home/ubuntu/workspace/Content/Dashboard/content.inc on line 13
[05-Mar-2017 14:37:38 UTC] PHP Stack trace:
[05-Mar-2017 14:37:38 UTC] PHP   1. {main}() /home/ubuntu/workspace/Content/Dashboard/dashboard.php:0
[05-Mar-2017 14:37:38 UTC] PHP   2. include() /home/ubuntu/workspace/Content/Dashboard/dashboard.php:9
[05-Mar-2017 14:40:03 UTC] PHP Warning:  include(Content/Dashboard/header.php): failed to open stream: No such file or directory in /home/ubuntu/workspace/Content/Dashboard/dashboard.php on line 2
[05-Mar-2017 14:40:03 UTC] PHP Stack trace:
[05-Mar-2017 14:40:03 UTC] PHP   1. {main}() /home/ubuntu/workspace/Content/Dashboard/dashboard.php:0
[05-Mar-2017 14:40:03 UTC] PHP Warning:  include(): Failed opening 'Content/Dashboard/header.php' for inclusion (include_path='.:/usr/share/php:/usr/share/pear') in /home/ubuntu/workspace/Content/Dashboard/dashboard.php on line 2
[05-Mar-2017 14:40:03 UTC] PHP Stack trace:
[05-Mar-2017 14:40:03 UTC] PHP   1. {main}() /home/ubuntu/workspace/Content/Dashboard/dashboard.php:0
[05-Mar-2017 14:40:03 UTC] PHP Warning:  include(Content/Scripts/raid_health.php): failed to open stream: No such file or directory in /home/ubuntu/workspace/Content/Dashboard/content.inc on line 3
[05-Mar-2017 14:40:03 UTC] PHP Stack trace:
[05-Mar-2017 14:40:03 UTC] PHP   1. {main}() /home/ubuntu/workspace/Content/Dashboard/dashboard.php:0
[05-Mar-2017 14:40:03 UTC] PHP   2. include() /home/ubuntu/workspace/Content/Dashboard/dashboard.php:9
[05-Mar-2017 14:40:03 UTC] PHP Warning:  include(): Failed opening 'Content/Scripts/raid_health.php' for inclusion (include_path='.:/usr/share/php:/usr/share/pear') in /home/ubuntu/workspace/Content/Dashboard/content.inc on line 3
[05-Mar-2017 14:40:03 UTC] PHP Stack trace:
[05-Mar-2017 14:40:03 UTC] PHP   1. {main}() /home/ubuntu/workspace/Content/Dashboard/dashboard.php:0
[05-Mar-2017 14:40:03 UTC] PHP   2. include() /home/ubuntu/workspace/Content/Dashboard/dashboard.php:9
[05-Mar-2017 14:40:03 UTC] PHP Warning:  mysqli::mysqli(): (HY000/1045): Access denied for user ''@'localhost' (using password: NO) in /home/ubuntu/workspace/Content/Dashboard/content.inc on line 9
[05-Mar-2017 14:40:03 UTC] PHP Stack trace:
[05-Mar-2017 14:40:03 UTC] PHP   1. {main}() /home/ubuntu/workspace/Content/Dashboard/dashboard.php:0
[05-Mar-2017 14:40:03 UTC] PHP   2. include() /home/ubuntu/workspace/Content/Dashboard/dashboard.php:9
[05-Mar-2017 14:40:03 UTC] PHP   3. mysqli->mysqli(*uninitialized*, *uninitialized*, *uninitialized*, *uninitialized*) /home/ubuntu/workspace/Content/Dashboard/content.inc:9
[05-Mar-2017 14:40:03 UTC] PHP Warning:  mysqli_real_escape_string(): Couldn't fetch mysqli in /home/ubuntu/workspace/Content/Dashboard/content.inc on line 10
[05-Mar-2017 14:40:03 UTC] PHP Stack trace:
[05-Mar-2017 14:40:03 UTC] PHP   1. {main}() /home/ubuntu/workspace/Content/Dashboard/dashboard.php:0
[05-Mar-2017 14:40:03 UTC] PHP   2. include() /home/ubuntu/workspace/Content/Dashboard/dashboard.php:9
[05-Mar-2017 14:40:03 UTC] PHP   3. mysqli_real_escape_string(*uninitialized*, *uninitialized*) /home/ubuntu/workspace/Content/Dashboard/content.inc:10
[05-Mar-2017 14:40:03 UTC] PHP Warning:  mysqli::query(): Couldn't fetch mysqli in /home/ubuntu/workspace/Content/Dashboard/content.inc on line 14
[05-Mar-2017 14:40:03 UTC] PHP Stack trace:
[05-Mar-2017 14:40:03 UTC] PHP   1. {main}() /home/ubuntu/workspace/Content/Dashboard/dashboard.php:0
[05-Mar-2017 14:40:03 UTC] PHP   2. include() /home/ubuntu/workspace/Content/Dashboard/dashboard.php:9
[05-Mar-2017 14:40:03 UTC] PHP   3. mysqli->query(*uninitialized*) /home/ubuntu/workspace/Content/Dashboard/content.inc:14
[05-Mar-2017 14:40:03 UTC] PHP Warning:  mysqli::close(): Couldn't fetch mysqli in /home/ubuntu/workspace/Content/Dashboard/content.inc on line 41
[05-Mar-2017 14:40:03 UTC] PHP Stack trace:
[05-Mar-2017 14:40:03 UTC] PHP   1. {main}() /home/ubuntu/workspace/Content/Dashboard/dashboard.php:0
[05-Mar-2017 14:40:03 UTC] PHP   2. include() /home/ubuntu/workspace/Content/Dashboard/dashboard.php:9
[05-Mar-2017 14:40:03 UTC] PHP   3. mysqli->close() /home/ubuntu/workspace/Content/Dashboard/content.inc:41
[05-Mar-2017 14:40:03 UTC] PHP Warning:  include(Content/Dashboard/footer.php): failed to open stream: No such file or directory in /home/ubuntu/workspace/Content/Dashboard/dashboard.php on line 17
[05-Mar-2017 14:40:03 UTC] PHP Stack trace:
[05-Mar-2017 14:40:03 UTC] PHP   1. {main}() /home/ubuntu/workspace/Content/Dashboard/dashboard.php:0
[05-Mar-2017 14:40:03 UTC] PHP Warning:  include(): Failed opening 'Content/Dashboard/footer.php' for inclusion (include_path='.:/usr/share/php:/usr/share/pear') in /home/ubuntu/workspace/Content/Dashboard/dashboard.php on line 17
[05-Mar-2017 14:40:03 UTC] PHP Stack trace:
[05-Mar-2017 14:40:03 UTC] PHP   1. {main}() /home/ubuntu/workspace/Content/Dashboard/dashboard.php:0
[07-Mar-2017 15:46:36 UTC] PHP Warning:  include(Content/Dashboard/header.php): failed to open stream: No such file or directory in /home/ubuntu/workspace/Content/Dashboard/dashboard.php on line 2
[07-Mar-2017 15:46:36 UTC] PHP Stack trace:
[07-Mar-2017 15:46:36 UTC] PHP   1. {main}() /home/ubuntu/workspace/Content/Dashboard/dashboard.php:0
[07-Mar-2017 15:46:36 UTC] PHP Warning:  include(): Failed opening 'Content/Dashboard/header.php' for inclusion (include_path='.:/usr/share/php:/usr/share/pear') in /home/ubuntu/workspace/Content/Dashboard/dashboard.php on line 2
[07-Mar-2017 15:46:36 UTC] PHP Stack trace:
[07-Mar-2017 15:46:36 UTC] PHP   1. {main}() /home/ubuntu/workspace/Content/Dashboard/dashboard.php:0
[07-Mar-2017 15:46:36 UTC] PHP Warning:  include(Content/Scripts/raid_health.php): failed to open stream: No such file or directory in /home/ubuntu/workspace/Content/Dashboard/content.inc on line 3
[07-Mar-2017 15:46:36 UTC] PHP Stack trace:
[07-Mar-2017 15:46:36 UTC] PHP   1. {main}() /home/ubuntu/workspace/Content/Dashboard/dashboard.php:0
[07-Mar-2017 15:46:36 UTC] PHP   2. include() /home/ubuntu/workspace/Content/Dashboard/dashboard.php:9
[07-Mar-2017 15:46:36 UTC] PHP Warning:  include(): Failed opening 'Content/Scripts/raid_health.php' for inclusion (include_path='.:/usr/share/php:/usr/share/pear') in /home/ubuntu/workspace/Content/Dashboard/content.inc on line 3
[07-Mar-2017 15:46:36 UTC] PHP Stack trace:
[07-Mar-2017 15:46:36 UTC] PHP   1. {main}() /home/ubuntu/workspace/Content/Dashboard/dashboard.php:0
[07-Mar-2017 15:46:36 UTC] PHP   2. include() /home/ubuntu/workspace/Content/Dashboard/dashboard.php:9
[07-Mar-2017 15:46:36 UTC] PHP Warning:  include(Content/Dashboard/footer.php): failed to open stream: No such file or directory in /home/ubuntu/workspace/Content/Dashboard/dashboard.php on line 17
[07-Mar-2017 15:46:36 UTC] PHP Stack trace:
[07-Mar-2017 15:46:36 UTC] PHP   1. {main}() /home/ubuntu/workspace/Content/Dashboard/dashboard.php:0
[07-Mar-2017 15:46:36 UTC] PHP Warning:  include(): Failed opening 'Content/Dashboard/footer.php' for inclusion (include_path='.:/usr/share/php:/usr/share/pear') in /home/ubuntu/workspace/Content/Dashboard/dashboard.php on line 17
[07-Mar-2017 15:46:36 UTC] PHP Stack trace:
[07-Mar-2017 15:46:36 UTC] PHP   1. {main}() /home/ubuntu/workspace/Content/Dashboard/dashboard.php:0
